<?xml version="1.0" encoding="UTF-8"?>
<testng-results skipped="0" failed="0" ignored="0" total="1" passed="1">
  <reporter-output>
  </reporter-output>
  <suite name="Default suite" duration-ms="13933" started-at="2019-10-24T12:02:39Z" finished-at="2019-10-24T12:02:53Z">
    <groups>
    </groups>
    <test name="Default test" duration-ms="13933" started-at="2019-10-24T12:02:39Z" finished-at="2019-10-24T12:02:53Z">
      <class name="com.training.sanity.tests.Register_ELTC_005">
        <test-method status="PASS" signature="setUpBeforeClass()[pri:0, instance:com.training.sanity.tests.Register_ELTC_005@42d80b78]" name="setUpBeforeClass" is-config="true" duration-ms="30" started-at="2019-10-24T12:02:39Z" finished-at="2019-10-24T12:02:39Z">
          <reporter-output>
          </reporter-output>
        </test-method> <!-- setUpBeforeClass -->
        <test-method status="PASS" signature="setUp()[pri:0, instance:com.training.sanity.tests.Register_ELTC_005@42d80b78]" name="setUp" is-config="true" duration-ms="9690" started-at="2019-10-24T12:02:39Z" finished-at="2019-10-24T12:02:49Z">
          <reporter-output>
          </reporter-output>
        </test-method> <!-- setUp -->
        <test-method status="PASS" signature="validLoginTest()[pri:0, instance:com.training.sanity.tests.Register_ELTC_005@42d80b78]" name="validLoginTest" duration-ms="4192" started-at="2019-10-24T12:02:49Z" finished-at="2019-10-24T12:02:53Z">
          <reporter-output>
          </reporter-output>
        </test-method> <!-- validLoginTest -->
      </class> <!-- com.training.sanity.tests.Register_ELTC_005 -->
    </test> <!-- Default test -->
  </suite> <!-- Default suite -->
</testng-results>
